--------------------------------------------------------------------------------
Wed, 23 Feb 2022 19:00:02 SNMPv2-SMI::enterprises.9.9.109.1.1.1.1.5.1 = Gauge32: 29

High CPU
SM1da7360eef8940f7bf40c4a0ce10d371
Finished
--------------------------------------------------------------------------------
Wed, 23 Feb 2022 19:05:01 SNMPv2-SMI::enterprises.9.9.109.1.1.1.1.5.1 = Gauge32: 25

High CPU
SM821dd693628548199f3ede8232ba6f99
Finished
--------------------------------------------------------------------------------
Wed, 23 Feb 2022 19:10:01 SNMPv2-SMI::enterprises.9.9.109.1.1.1.1.5.1 = Gauge32: 29

High CPU
SM860762aa560b45d9bf50e0d745deb565
Finished
--------------------------------------------------------------------------------
Wed, 23 Feb 2022 19:15:01 SNMPv2-SMI::enterprises.9.9.109.1.1.1.1.5.1 = Gauge32: 32

High CPU
SM38ef7b93bdf0403da0a071c807ec00e9
Finished
--------------------------------------------------------------------------------
Wed, 23 Feb 2022 19:20:01 SNMPv2-SMI::enterprises.9.9.109.1.1.1.1.5.1 = Gauge32: 32

High CPU
SMb58a50d0f0ae409c90f28e946238be37
Finished
--------------------------------------------------------------------------------
Wed, 23 Feb 2022 19:25:02 SNMPv2-SMI::enterprises.9.9.109.1.1.1.1.5.1 = Gauge32: 30

High CPU
SM8c15ae656cdb43c998df91bc5736d265
Finished
